
> frontend@0.1.0 start
> react-scripts start

Starting the development server...

Compiled with warnings.

[eslint] 
src\components\App\DashboardPage.jsx
  Line 69:37:  React Hook useEffect has a missing dependency: 'bootstrap'. Either include it or remove the dependency array  react-hooks/exhaustive-deps

src\components\App\NotesPanel.jsx
  Line 82:9:  'handleSync' is assigned a value but never used  no-unused-vars

src\components\App\RoomPage.jsx
  Line 55:10:   'inviteCode' is assigned a value but never used                                                                     no-unused-vars
  Line 55:22:   'setInviteCode' is assigned a value but never used                                                                  no-unused-vars
  Line 120:37:  React Hook useEffect has a missing dependency: 'loadRooms'. Either include it or remove the dependency array        react-hooks/exhaustive-deps
  Line 133:6:   React Hook useEffect has a missing dependency: 'loadRoomContext'. Either include it or remove the dependency array  react-hooks/exhaustive-deps

Search for the keywords to learn more about each warning.
To ignore, add // eslint-disable-next-line to the line before.

[1m[33mWARNING[39m[22m in [1m[eslint] 
src\components\App\DashboardPage.jsx
  Line 69:37:  React Hook useEffect has a missing dependency: 'bootstrap'. Either include it or remove the dependency array  react-hooks/exhaustive-deps

src\components\App\NotesPanel.jsx
  Line 82:9:  'handleSync' is assigned a value but never used  no-unused-vars

src\components\App\RoomPage.jsx
  Line 55:10:   'inviteCode' is assigned a value but never used                                                                     no-unused-vars
  Line 55:22:   'setInviteCode' is assigned a value but never used                                                                  no-unused-vars
  Line 120:37:  React Hook useEffect has a missing dependency: 'loadRooms'. Either include it or remove the dependency array        react-hooks/exhaustive-deps
  Line 133:6:   React Hook useEffect has a missing dependency: 'loadRoomContext'. Either include it or remove the dependency array  react-hooks/exhaustive-deps

[39m[22m

webpack compiled with [1m[33m1 warning[39m[22m
